<?xml version="1.0" encoding="UTF-8"?>
<coverage generated="1748356770081" clover="3.2.0">
  <project timestamp="1748356770081" name="All files">
    <metrics statements="15" coveredstatements="15" conditionals="5" coveredconditionals="4" methods="3" coveredmethods="3" elements="23" coveredelements="22" complexity="0" loc="15" ncloc="15" packages="1" files="1" classes="1"/>
    <file name="networkRetry.js" path="/home/yokesh/work_folders/full_stack_journey/javascript_learning/day_11/asyncTesting/networkRetry.js">
      <metrics statements="15" coveredstatements="15" conditionals="5" coveredconditionals="4" methods="3" coveredmethods="3"/>
      <line num="1" count="3" type="stmt"/>
      <line num="3" count="1" type="cond" truecount="1" falsecount="0"/>
      <line num="4" count="3" type="stmt"/>
      <line num="7" count="3" type="stmt"/>
      <line num="8" count="6" type="stmt"/>
      <line num="9" count="6" type="stmt"/>
      <line num="10" count="2" type="cond" truecount="1" falsecount="1"/>
      <line num="12" count="2" type="stmt"/>
      <line num="13" count="2" type="stmt"/>
      <line num="15" count="4" type="stmt"/>
      <line num="16" count="4" type="stmt"/>
      <line num="17" count="4" type="cond" truecount="2" falsecount="0"/>
      <line num="18" count="3" type="stmt"/>
      <line num="22" count="1" type="stmt"/>
      <line num="25" count="1" type="stmt"/>
    </file>
  </project>
</coverage>
