{"/home/yokesh/work_folders/full_stack_journey/javascript_learning/day_11/asyncTesting/networkRetry.js": {"path":"/home/yokesh/work_folders/full_stack_journey/javascript_learning/day_11/asyncTesting/networkRetry.js","statementMap":{"0":{"start":{"line":1,"column":14},"end":{"line":1,"column":63}},"1":{"start":{"line":1,"column":22},"end":{"line":1,"column":63}},"2":{"start":{"line":1,"column":43},"end":{"line":1,"column":62}},"3":{"start":{"line":3,"column":27},"end":{"line":23,"column":1}},"4":{"start":{"line":4,"column":17},"end":{"line":4,"column":18}},"5":{"start":{"line":7,"column":2},"end":{"line":20,"column":3}},"6":{"start":{"line":8,"column":4},"end":{"line":19,"column":5}},"7":{"start":{"line":9,"column":23},"end":{"line":9,"column":39}},"8":{"start":{"line":10,"column":6},"end":{"line":10,"column":56}},"9":{"start":{"line":10,"column":24},"end":{"line":10,"column":56}},"10":{"start":{"line":12,"column":19},"end":{"line":12,"column":40}},"11":{"start":{"line":13,"column":6},"end":{"line":13,"column":23}},"12":{"start":{"line":15,"column":6},"end":{"line":15,"column":22}},"13":{"start":{"line":16,"column":6},"end":{"line":16,"column":17}},"14":{"start":{"line":17,"column":6},"end":{"line":17,"column":36}},"15":{"start":{"line":17,"column":30},"end":{"line":17,"column":36}},"16":{"start":{"line":18,"column":6},"end":{"line":18,"column":27}},"17":{"start":{"line":22,"column":2},"end":{"line":22,"column":51}},"18":{"start":{"line":25,"column":0},"end":{"line":25,"column":36}}},"fnMap":{"0":{"name":"(anonymous_0)","decl":{"start":{"line":1,"column":14},"end":{"line":1,"column":15}},"loc":{"start":{"line":1,"column":22},"end":{"line":1,"column":63}},"line":1},"1":{"name":"(anonymous_1)","decl":{"start":{"line":1,"column":34},"end":{"line":1,"column":35}},"loc":{"start":{"line":1,"column":43},"end":{"line":1,"column":62}},"line":1},"2":{"name":"(anonymous_2)","decl":{"start":{"line":3,"column":27},"end":{"line":3,"column":28}},"loc":{"start":{"line":3,"column":66},"end":{"line":23,"column":1}},"line":3}},"branchMap":{"0":{"loc":{"start":{"line":3,"column":48},"end":{"line":3,"column":61}},"type":"default-arg","locations":[{"start":{"line":3,"column":58},"end":{"line":3,"column":61}}],"line":3},"1":{"loc":{"start":{"line":10,"column":6},"end":{"line":10,"column":56}},"type":"if","locations":[{"start":{"line":10,"column":6},"end":{"line":10,"column":56}},{"start":{},"end":{}}],"line":10},"2":{"loc":{"start":{"line":17,"column":6},"end":{"line":17,"column":36}},"type":"if","locations":[{"start":{"line":17,"column":6},"end":{"line":17,"column":36}},{"start":{},"end":{}}],"line":17}},"s":{"0":1,"1":3,"2":3,"3":1,"4":3,"5":3,"6":6,"7":6,"8":2,"9":0,"10":2,"11":2,"12":4,"13":4,"14":4,"15":1,"16":3,"17":1,"18":1},"f":{"0":3,"1":3,"2":3},"b":{"0":[3],"1":[0,2],"2":[1,3]},"_coverageSchema":"1a1c01bbd47fc00a2c39e90264f33305004495a9","hash":"32e7a0675a875bdba0d0ac80407097262accd83f"}
}
