{"/home/yokesh/work_folders/full_stack_journey/javascript_learning/day_10/edgeCasesAndErrorHandling/objectUtils.js": {"path":"/home/yokesh/work_folders/full_stack_journey/javascript_learning/day_10/edgeCasesAndErrorHandling/objectUtils.js","statementMap":{"0":{"start":{"line":2,"column":2},"end":{"line":3,"column":37}},"1":{"start":{"line":3,"column":4},"end":{"line":3,"column":37}},"2":{"start":{"line":4,"column":2},"end":{"line":4,"column":39}},"3":{"start":{"line":8,"column":2},"end":{"line":15,"column":3}},"4":{"start":{"line":14,"column":4},"end":{"line":14,"column":37}},"5":{"start":{"line":17,"column":2},"end":{"line":17,"column":30}},"6":{"start":{"line":21,"column":2},"end":{"line":23,"column":3}},"7":{"start":{"line":22,"column":4},"end":{"line":22,"column":44}},"8":{"start":{"line":24,"column":2},"end":{"line":26,"column":3}},"9":{"start":{"line":25,"column":4},"end":{"line":25,"column":42}},"10":{"start":{"line":27,"column":2},"end":{"line":29,"column":3}},"11":{"start":{"line":28,"column":4},"end":{"line":28,"column":62}},"12":{"start":{"line":31,"column":15},"end":{"line":31,"column":64}},"13":{"start":{"line":44,"column":22},"end":{"line":50,"column":9}},"14":{"start":{"line":45,"column":4},"end":{"line":49,"column":5}},"15":{"start":{"line":46,"column":6},"end":{"line":46,"column":22}},"16":{"start":{"line":48,"column":6},"end":{"line":48,"column":38}},"17":{"start":{"line":51,"column":2},"end":{"line":51,"column":21}},"18":{"start":{"line":54,"column":0},"end":{"line":54,"column":65}}},"fnMap":{"0":{"name":"isObjectEmpty","decl":{"start":{"line":1,"column":9},"end":{"line":1,"column":22}},"loc":{"start":{"line":1,"column":28},"end":{"line":5,"column":1}},"line":1},"1":{"name":"mergeObjects","decl":{"start":{"line":7,"column":9},"end":{"line":7,"column":21}},"loc":{"start":{"line":7,"column":34},"end":{"line":18,"column":1}},"line":7},"2":{"name":"getNestedValue","decl":{"start":{"line":20,"column":9},"end":{"line":20,"column":23}},"loc":{"start":{"line":20,"column":35},"end":{"line":52,"column":1}},"line":20},"3":{"name":"(anonymous_3)","decl":{"start":{"line":44,"column":34},"end":{"line":44,"column":35}},"loc":{"start":{"line":44,"column":48},"end":{"line":50,"column":3}},"line":44}},"branchMap":{"0":{"loc":{"start":{"line":2,"column":2},"end":{"line":3,"column":37}},"type":"if","locations":[{"start":{"line":2,"column":2},"end":{"line":3,"column":37}},{"start":{},"end":{}}],"line":2},"1":{"loc":{"start":{"line":2,"column":6},"end":{"line":2,"column":67}},"type":"binary-expr","locations":[{"start":{"line":2,"column":6},"end":{"line":2,"column":29}},{"start":{"line":2,"column":33},"end":{"line":2,"column":45}},{"start":{"line":2,"column":49},"end":{"line":2,"column":67}}],"line":2},"2":{"loc":{"start":{"line":8,"column":2},"end":{"line":15,"column":3}},"type":"if","locations":[{"start":{"line":8,"column":2},"end":{"line":15,"column":3}},{"start":{},"end":{}}],"line":8},"3":{"loc":{"start":{"line":9,"column":4},"end":{"line":12,"column":17}},"type":"binary-expr","locations":[{"start":{"line":9,"column":4},"end":{"line":9,"column":28}},{"start":{"line":10,"column":4},"end":{"line":10,"column":28}},{"start":{"line":11,"column":4},"end":{"line":11,"column":17}},{"start":{"line":12,"column":4},"end":{"line":12,"column":17}}],"line":9},"4":{"loc":{"start":{"line":21,"column":2},"end":{"line":23,"column":3}},"type":"if","locations":[{"start":{"line":21,"column":2},"end":{"line":23,"column":3}},{"start":{},"end":{}}],"line":21},"5":{"loc":{"start":{"line":21,"column":6},"end":{"line":21,"column":67}},"type":"binary-expr","locations":[{"start":{"line":21,"column":6},"end":{"line":21,"column":29}},{"start":{"line":21,"column":33},"end":{"line":21,"column":45}},{"start":{"line":21,"column":49},"end":{"line":21,"column":67}}],"line":21},"6":{"loc":{"start":{"line":24,"column":2},"end":{"line":26,"column":3}},"type":"if","locations":[{"start":{"line":24,"column":2},"end":{"line":26,"column":3}},{"start":{},"end":{}}],"line":24},"7":{"loc":{"start":{"line":24,"column":6},"end":{"line":24,"column":54}},"type":"binary-expr","locations":[{"start":{"line":24,"column":6},"end":{"line":24,"column":30}},{"start":{"line":24,"column":34},"end":{"line":24,"column":54}}],"line":24},"8":{"loc":{"start":{"line":27,"column":2},"end":{"line":29,"column":3}},"type":"if","locations":[{"start":{"line":27,"column":2},"end":{"line":29,"column":3}},{"start":{},"end":{}}],"line":27},"9":{"loc":{"start":{"line":31,"column":15},"end":{"line":31,"column":64}},"type":"cond-expr","locations":[{"start":{"line":31,"column":42},"end":{"line":31,"column":57}},{"start":{"line":31,"column":60},"end":{"line":31,"column":64}}],"line":31},"10":{"loc":{"start":{"line":45,"column":4},"end":{"line":49,"column":5}},"type":"if","locations":[{"start":{"line":45,"column":4},"end":{"line":49,"column":5}},{"start":{"line":47,"column":11},"end":{"line":49,"column":5}}],"line":45},"11":{"loc":{"start":{"line":45,"column":8},"end":{"line":45,"column":38}},"type":"binary-expr","locations":[{"start":{"line":45,"column":8},"end":{"line":45,"column":11}},{"start":{"line":45,"column":15},"end":{"line":45,"column":38}}],"line":45}},"s":{"0":4,"1":2,"2":2,"3":5,"4":4,"5":1,"6":9,"7":3,"8":6,"9":1,"10":5,"11":1,"12":4,"13":4,"14":6,"15":4,"16":2,"17":2,"18":1},"f":{"0":4,"1":5,"2":9,"3":6},"b":{"0":[2,2],"1":[4,4,3],"2":[4,1],"3":[5,4,3,2],"4":[3,6],"5":[9,8,7],"6":[1,5],"7":[6,3],"8":[1,4],"9":[2,2],"10":[4,2],"11":[6,6]},"_coverageSchema":"1a1c01bbd47fc00a2c39e90264f33305004495a9","hash":"e50afeb30d844910255ec0cbeab05b8a79958c20"}
}
