TN:
SF:objectUtils.js
FN:1,isObjectEmpty
FN:7,mergeObjects
FN:20,getNestedValue
FN:44,(anonymous_3)
FNF:4
FNH:4
FNDA:4,isObjectEmpty
FNDA:5,mergeObjects
FNDA:9,getNestedValue
FNDA:6,(anonymous_3)
DA:2,4
DA:3,2
DA:4,2
DA:8,5
DA:14,4
DA:17,1
DA:21,9
DA:22,3
DA:24,6
DA:25,1
DA:27,5
DA:28,1
DA:31,4
DA:44,4
DA:45,6
DA:46,4
DA:48,2
DA:51,2
DA:54,1
LF:19
LH:19
BRDA:2,0,0,2
BRDA:2,0,1,2
BRDA:2,1,0,4
BRDA:2,1,1,4
BRDA:2,1,2,3
BRDA:8,2,0,4
BRDA:8,2,1,1
BRDA:9,3,0,5
BRDA:9,3,1,4
BRDA:9,3,2,3
BRDA:9,3,3,2
BRDA:21,4,0,3
BRDA:21,4,1,6
BRDA:21,5,0,9
BRDA:21,5,1,8
BRDA:21,5,2,7
BRDA:24,6,0,1
BRDA:24,6,1,5
BRDA:24,7,0,6
BRDA:24,7,1,3
BRDA:27,8,0,1
BRDA:27,8,1,4
BRDA:31,9,0,2
BRDA:31,9,1,2
BRDA:45,10,0,4
BRDA:45,10,1,2
BRDA:45,11,0,6
BRDA:45,11,1,6
BRF:28
BRH:28
end_of_record
